2020-08-04T21:44:48.927Z [my-app]  [error] : [Error log]
2020-08-04T21:44:48.929Z [my-app]  [warn] : [Warning log]
2020-08-04T21:44:48.929Z [my-app]  [info] : [Info log]
2020-08-04T21:44:48.929Z [my-app]  [debug] : [Debug log]
2020-08-04T21:44:48.929Z [my-app]  [silly] : [Silly log]
2020-08-04T21:44:48.930Z [my-app]  [info] : [Hellow with parameter]
2020-08-04T21:44:52.681Z [my-app]  [error] : [Error log]
2020-08-04T21:44:52.683Z [my-app]  [warn] : [Warning log]
2020-08-04T21:44:52.683Z [my-app]  [info] : [Info log]
2020-08-04T21:44:52.683Z [my-app]  [debug] : [Debug log]
2020-08-04T21:44:52.683Z [my-app]  [silly] : [Silly log]
2020-08-04T21:44:52.684Z [my-app]  [info] : [Hellow with parameter]
2020-08-04T21:46:26.505Z [my-app]  [error] : [Error log]
2020-08-04T21:46:26.508Z [my-app]  [warn] : [Warning log]
2020-08-04T21:46:57.173Z [my-app]  [error] : [Error log]
2020-08-04T21:46:57.176Z [my-app]  [warn] : [Warning log]
2020-08-04T21:46:59.291Z [my-app]  [error] : [Error log]
2020-08-04T21:46:59.293Z [my-app]  [warn] : [Warning log]
2020-08-04T21:48:10.945Z [my-app]  [error] : [Error log]
2020-08-04T21:48:10.947Z [my-app]  [warn] : [Warning log]
2020-08-04T21:48:54.675Z [my-app]  [error] : [Error log]
2020-08-04T21:48:54.678Z [my-app]  [warn] : [Warning log]
2020-08-04T21:49:12.906Z [my-app]  [error] : [Error log]
2020-08-04T21:49:12.908Z [my-app]  [warn] : [Warning log]
2020-08-04T21:54:22.732Z [my-app]  [error] : [Error log]
2020-08-04T21:54:22.734Z [my-app]  [warn] : [Warning log]
